Build started 2/23/2017 8:13:23 AM.
     1>Project "D:\OpenHPSDR\W5WC\PowerSDR_HPSDR_mRX_PS\Source\wdsp\wdsp.vs2013.vcxproj" on node 2 (Build target(s)).
     1>C:\Program Files (x86)\MSBuild\Microsoft.Cpp\v4.0\V120\Microsoft.CppBuild.targets(388,5): warning MSB8028: The intermediate directory (Debug\) contains files shared from another project (wdsp.vs2013.vcxproj).  This can lead to incorrect clean and rebuild behavior.
     1>ClCompile:
         C:\Program Files (x86)\Microsoft Visual Studio 12.0\VC\bin\CL.exe /c /I. /I../../lib/portaudio_VS2008/include /ZI /nologo /W3 /WX- /MP /Od /Ob0 /Oi /Ot /Oy- /D WIN32 /D _DEBUG /D _WINDOWS /D _USRDLL /D WDSP_EXPORTS /D _WINDLL /D _UNICODE /D UNICODE /Gm- /EHsc /RTC1 /MDd /GS /Gy /arch:SSE2 /fp:precise /Zc:wchar_t /Zc:forScope /Fo"Debug\\" /Fd"Debug\vc120.pdb" /Gd /TC /analyze- /errorReport:prompt /D_ATL_XP_TARGETING amd.c ammod.c amsq.c analyzer.c anf.c anr.c bandpass.c calcc.c cblock.c cfir.c compress.c delay.c div.c eer.c emnr.c emph.c eq.c channel.c fcurve.c firmin.c fmd.c gain.c gen.c iir.c iqc.c lmath.c meterlog10.c fir.c fmmod.c iobuffs.c main.c meter.c nbp.c nob.c nobII.c osctrl.c patchpanel.c resample.c RXA.c sender.c shift.c siphon.c fmsq.c slew.c snb.c TXA.c utilities.c wcpAGC.c wisdom.c
         amd.c
         ammod.c
         amsq.c
         analyzer.c
         anf.c
         anr.c
         bandpass.c
         calcc.c
         cblock.c
         cfir.c
         compress.c
         delay.c
         div.c
         eer.c
         emnr.c
         emph.c
         eq.c
         channel.c
         fcurve.c
         firmin.c
         fmd.c
         gain.c
         gen.c
         iir.c
         iqc.c
         lmath.c
         meterlog10.c
         fir.c
         fmmod.c
         iobuffs.c
         main.c
         meter.c
         nbp.c
         nob.c
         nobII.c
         osctrl.c
         patchpanel.c
         resample.c
         RXA.c
         sender.c
         shift.c
         siphon.c
         fmsq.c
         slew.c
         snb.c
         TXA.c
         utilities.c
         wcpAGC.c
         wisdom.c
     1>C:\Program Files (x86)\MSBuild\Microsoft.Cpp\v4.0\V120\Microsoft.CppBuild.targets(1193,5): warning MSB8012: TargetPath(D:\OpenHPSDR\W5WC\PowerSDR_HPSDR_mRX_PS\Source\Debug\wdsp.dll) does not match the Linker's OutputFile property value (D:\OpenHPSDR\W5WC\PowerSDR_HPSDR_mRX_PS\bin\Debug\wdsp.dll). This may cause your project to build incorrectly. To correct this, please make sure that $(OutDir), $(TargetName) and $(TargetExt) property values match the value specified in %(Link.OutputFile).
       Link:
         C:\Program Files (x86)\Microsoft Visual Studio 12.0\VC\bin\link.exe /ERRORREPORT:PROMPT /OUT:"../../bin/Debug/wdsp.dll" /INCREMENTAL /NOLOGO /LIBPATH:../Debug /LIBPATH:../../lib/portaudio_VS2008/build/msvc/Win32/Debug "libfftw3-3.lib" pa19.lib kernel32.lib user32.lib gdi32.lib winspool.lib comdlg32.lib advapi32.lib shell32.lib ole32.lib oleaut32.lib uuid.lib odbc32.lib odbccp32.lib /MANIFEST /MANIFESTUAC:"level='asInvoker' uiAccess='false'" /manifest:embed /DEBUG /PDB:"D:\OpenHPSDR\W5WC\PowerSDR_HPSDR_mRX_PS\Source\Debug\wdsp.pdb" /SUBSYSTEM:WINDOWS /TLBID:1 /DYNAMICBASE /NXCOMPAT /IMPLIB:"D:\OpenHPSDR\W5WC\PowerSDR_HPSDR_mRX_PS\Source\Debug\wdsp.lib" /MACHINE:X86 /DLL Debug\amd.obj
         Debug\ammod.obj
         Debug\amsq.obj
         Debug\analyzer.obj
         Debug\anf.obj
         Debug\anr.obj
         Debug\bandpass.obj
         Debug\calcc.obj
         Debug\cblock.obj
         Debug\cfir.obj
         Debug\compress.obj
         Debug\delay.obj
         Debug\div.obj
         Debug\eer.obj
         Debug\emnr.obj
         Debug\emph.obj
         Debug\eq.obj
         Debug\channel.obj
         Debug\fcurve.obj
         Debug\firmin.obj
         Debug\fmd.obj
         Debug\gain.obj
         Debug\gen.obj
         Debug\iir.obj
         Debug\iqc.obj
         Debug\lmath.obj
         Debug\meterlog10.obj
         Debug\fir.obj
         Debug\fmmod.obj
         Debug\iobuffs.obj
         Debug\main.obj
         Debug\meter.obj
         Debug\nbp.obj
         Debug\nob.obj
         Debug\nobII.obj
         Debug\osctrl.obj
         Debug\patchpanel.obj
         Debug\resample.obj
         Debug\RXA.obj
         Debug\sender.obj
         Debug\shift.obj
         Debug\siphon.obj
         Debug\fmsq.obj
         Debug\slew.obj
         Debug\snb.obj
         Debug\TXA.obj
         Debug\utilities.obj
         Debug\wcpAGC.obj
         Debug\wisdom.obj
            Creating library D:\OpenHPSDR\W5WC\PowerSDR_HPSDR_mRX_PS\Source\Debug\wdsp.lib and object D:\OpenHPSDR\W5WC\PowerSDR_HPSDR_mRX_PS\Source\Debug\wdsp.exp
         wdsp.vs2013.vcxproj -> D:\OpenHPSDR\W5WC\PowerSDR_HPSDR_mRX_PS\Source\Debug\wdsp.dll
     1>Done Building Project "D:\OpenHPSDR\W5WC\PowerSDR_HPSDR_mRX_PS\Source\wdsp\wdsp.vs2013.vcxproj" (Build target(s)).

Build succeeded.

Time Elapsed 00:00:12.07
