d:\openhpsdr\w5wc\beta_release\powersdr_hpsdr_mrx_ps\source\wdsp\debug\vc120.pdb
d:\openhpsdr\w5wc\beta_release\powersdr_hpsdr_mrx_ps\bin\debug\wdsp.ilk
d:\openhpsdr\w5wc\beta_release\powersdr_hpsdr_mrx_ps\bin\debug\wdsp.dll
d:\openhpsdr\w5wc\beta_release\powersdr_hpsdr_mrx_ps\source\debug\wdsp.pdb
d:\openhpsdr\w5wc\beta_release\powersdr_hpsdr_mrx_ps\source\debug\wdsp.lib
d:\openhpsdr\w5wc\beta_release\powersdr_hpsdr_mrx_ps\source\debug\wdsp.exp
d:\openhpsdr\w5wc\beta_release\powersdr_hpsdr_mrx_ps\source\wdsp\debug\amd.obj
d:\openhpsdr\w5wc\beta_release\powersdr_hpsdr_mrx_ps\source\wdsp\debug\ammod.obj
d:\openhpsdr\w5wc\beta_release\powersdr_hpsdr_mrx_ps\source\wdsp\debug\amsq.obj
d:\openhpsdr\w5wc\beta_release\powersdr_hpsdr_mrx_ps\source\wdsp\debug\analyzer.obj
d:\openhpsdr\w5wc\beta_release\powersdr_hpsdr_mrx_ps\source\wdsp\debug\anf.obj
d:\openhpsdr\w5wc\beta_release\powersdr_hpsdr_mrx_ps\source\wdsp\debug\anr.obj
d:\openhpsdr\w5wc\beta_release\powersdr_hpsdr_mrx_ps\source\wdsp\debug\bandpass.obj
d:\openhpsdr\w5wc\beta_release\powersdr_hpsdr_mrx_ps\source\wdsp\debug\calcc.obj
d:\openhpsdr\w5wc\beta_release\powersdr_hpsdr_mrx_ps\source\wdsp\debug\cblock.obj
d:\openhpsdr\w5wc\beta_release\powersdr_hpsdr_mrx_ps\source\wdsp\debug\cfir.obj
d:\openhpsdr\w5wc\beta_release\powersdr_hpsdr_mrx_ps\source\wdsp\debug\channel.obj
d:\openhpsdr\w5wc\beta_release\powersdr_hpsdr_mrx_ps\source\wdsp\debug\compress.obj
d:\openhpsdr\w5wc\beta_release\powersdr_hpsdr_mrx_ps\source\wdsp\debug\delay.obj
d:\openhpsdr\w5wc\beta_release\powersdr_hpsdr_mrx_ps\source\wdsp\debug\div.obj
d:\openhpsdr\w5wc\beta_release\powersdr_hpsdr_mrx_ps\source\wdsp\debug\eer.obj
d:\openhpsdr\w5wc\beta_release\powersdr_hpsdr_mrx_ps\source\wdsp\debug\emnr.obj
d:\openhpsdr\w5wc\beta_release\powersdr_hpsdr_mrx_ps\source\wdsp\debug\emph.obj
d:\openhpsdr\w5wc\beta_release\powersdr_hpsdr_mrx_ps\source\wdsp\debug\eq.obj
d:\openhpsdr\w5wc\beta_release\powersdr_hpsdr_mrx_ps\source\wdsp\debug\fcurve.obj
d:\openhpsdr\w5wc\beta_release\powersdr_hpsdr_mrx_ps\source\wdsp\debug\fir.obj
d:\openhpsdr\w5wc\beta_release\powersdr_hpsdr_mrx_ps\source\wdsp\debug\firmin.obj
d:\openhpsdr\w5wc\beta_release\powersdr_hpsdr_mrx_ps\source\wdsp\debug\fmd.obj
d:\openhpsdr\w5wc\beta_release\powersdr_hpsdr_mrx_ps\source\wdsp\debug\fmmod.obj
d:\openhpsdr\w5wc\beta_release\powersdr_hpsdr_mrx_ps\source\wdsp\debug\fmsq.obj
d:\openhpsdr\w5wc\beta_release\powersdr_hpsdr_mrx_ps\source\wdsp\debug\gain.obj
d:\openhpsdr\w5wc\beta_release\powersdr_hpsdr_mrx_ps\source\wdsp\debug\gen.obj
d:\openhpsdr\w5wc\beta_release\powersdr_hpsdr_mrx_ps\source\wdsp\debug\iir.obj
d:\openhpsdr\w5wc\beta_release\powersdr_hpsdr_mrx_ps\source\wdsp\debug\iobuffs.obj
d:\openhpsdr\w5wc\beta_release\powersdr_hpsdr_mrx_ps\source\wdsp\debug\iqc.obj
d:\openhpsdr\w5wc\beta_release\powersdr_hpsdr_mrx_ps\source\wdsp\debug\lmath.obj
d:\openhpsdr\w5wc\beta_release\powersdr_hpsdr_mrx_ps\source\wdsp\debug\main.obj
d:\openhpsdr\w5wc\beta_release\powersdr_hpsdr_mrx_ps\source\wdsp\debug\meter.obj
d:\openhpsdr\w5wc\beta_release\powersdr_hpsdr_mrx_ps\source\wdsp\debug\meterlog10.obj
d:\openhpsdr\w5wc\beta_release\powersdr_hpsdr_mrx_ps\source\wdsp\debug\nbp.obj
d:\openhpsdr\w5wc\beta_release\powersdr_hpsdr_mrx_ps\source\wdsp\debug\nob.obj
d:\openhpsdr\w5wc\beta_release\powersdr_hpsdr_mrx_ps\source\wdsp\debug\nobii.obj
d:\openhpsdr\w5wc\beta_release\powersdr_hpsdr_mrx_ps\source\wdsp\debug\osctrl.obj
d:\openhpsdr\w5wc\beta_release\powersdr_hpsdr_mrx_ps\source\wdsp\debug\patchpanel.obj
d:\openhpsdr\w5wc\beta_release\powersdr_hpsdr_mrx_ps\source\wdsp\debug\resample.obj
d:\openhpsdr\w5wc\beta_release\powersdr_hpsdr_mrx_ps\source\wdsp\debug\rxa.obj
d:\openhpsdr\w5wc\beta_release\powersdr_hpsdr_mrx_ps\source\wdsp\debug\sender.obj
d:\openhpsdr\w5wc\beta_release\powersdr_hpsdr_mrx_ps\source\wdsp\debug\shift.obj
d:\openhpsdr\w5wc\beta_release\powersdr_hpsdr_mrx_ps\source\wdsp\debug\siphon.obj
d:\openhpsdr\w5wc\beta_release\powersdr_hpsdr_mrx_ps\source\wdsp\debug\slew.obj
d:\openhpsdr\w5wc\beta_release\powersdr_hpsdr_mrx_ps\source\wdsp\debug\snb.obj
d:\openhpsdr\w5wc\beta_release\powersdr_hpsdr_mrx_ps\source\wdsp\debug\txa.obj
d:\openhpsdr\w5wc\beta_release\powersdr_hpsdr_mrx_ps\source\wdsp\debug\utilities.obj
d:\openhpsdr\w5wc\beta_release\powersdr_hpsdr_mrx_ps\source\wdsp\debug\wcpagc.obj
d:\openhpsdr\w5wc\beta_release\powersdr_hpsdr_mrx_ps\source\wdsp\debug\wisdom.obj
d:\openhpsdr\w5wc\beta_release\powersdr_hpsdr_mrx_ps\source\wdsp\debug\vc120.idb
d:\openhpsdr\w5wc\beta_release\powersdr_hpsdr_mrx_ps\source\wdsp\debug\wdsp.tlog\cl.command.1.tlog
d:\openhpsdr\w5wc\beta_release\powersdr_hpsdr_mrx_ps\source\wdsp\debug\wdsp.tlog\cl.read.1.tlog
d:\openhpsdr\w5wc\beta_release\powersdr_hpsdr_mrx_ps\source\wdsp\debug\wdsp.tlog\cl.write.1.tlog
d:\openhpsdr\w5wc\beta_release\powersdr_hpsdr_mrx_ps\source\wdsp\debug\wdsp.tlog\link.command.1.tlog
d:\openhpsdr\w5wc\beta_release\powersdr_hpsdr_mrx_ps\source\wdsp\debug\wdsp.tlog\link.read.1.tlog
d:\openhpsdr\w5wc\beta_release\powersdr_hpsdr_mrx_ps\source\wdsp\debug\wdsp.tlog\link.write.1.tlog
d:\openhpsdr\w5wc\beta_release\powersdr_hpsdr_mrx_ps\source\wdsp\debug\wdsp.tlog\wdsp.write.1u.tlog
