  wisdom.c
  wcpAGC.c
  utilities.c
  TXA.c
  slew.c
  fmsq.c
  siphon.c
d:\openhpsdr\w5wc\beta_release\powersdr_hpsdr_mrx_ps\source\wdsp\siphon.c(298): warning C4013: 'InterlockedAnd' undefined; assuming extern returning int
  shift.c
  sender.c
  RXA.c
  resample.c
  patchpanel.c
  osctrl.c
  nobII.c
  nob.c
  meter.c
  main.c
  iobuffs.c
  fmmod.c
  fir.c
d:\openhpsdr\w5wc\beta_release\powersdr_hpsdr_mrx_ps\source\wdsp\fir.c(332): error C2275: 'fftw_plan' : illegal use of this type as an expression
          d:\openhpsdr\w5wc\beta_release\powersdr_hpsdr_mrx_ps\source\wdsp\fftw3.h(353) : see declaration of 'fftw_plan'
d:\openhpsdr\w5wc\beta_release\powersdr_hpsdr_mrx_ps\source\wdsp\fir.c(332): error C2146: syntax error : missing ';' before identifier 'pfor'
d:\openhpsdr\w5wc\beta_release\powersdr_hpsdr_mrx_ps\source\wdsp\fir.c(332): error C2065: 'pfor' : undeclared identifier
d:\openhpsdr\w5wc\beta_release\powersdr_hpsdr_mrx_ps\source\wdsp\fir.c(333): warning C4047: '=' : 'int' differs in levels of indirection from 'fftw_plan'
d:\openhpsdr\w5wc\beta_release\powersdr_hpsdr_mrx_ps\source\wdsp\fir.c(334): error C2275: 'fftw_plan' : illegal use of this type as an expression
          d:\openhpsdr\w5wc\beta_release\powersdr_hpsdr_mrx_ps\source\wdsp\fftw3.h(353) : see declaration of 'fftw_plan'
d:\openhpsdr\w5wc\beta_release\powersdr_hpsdr_mrx_ps\source\wdsp\fir.c(334): error C2146: syntax error : missing ';' before identifier 'prev'
d:\openhpsdr\w5wc\beta_release\powersdr_hpsdr_mrx_ps\source\wdsp\fir.c(334): error C2065: 'prev' : undeclared identifier
d:\openhpsdr\w5wc\beta_release\powersdr_hpsdr_mrx_ps\source\wdsp\fir.c(335): warning C4047: '=' : 'int' differs in levels of indirection from 'fftw_plan'
d:\openhpsdr\w5wc\beta_release\powersdr_hpsdr_mrx_ps\source\wdsp\fir.c(337): error C2065: 'pfor' : undeclared identifier
d:\openhpsdr\w5wc\beta_release\powersdr_hpsdr_mrx_ps\source\wdsp\fir.c(337): warning C4047: 'function' : 'const fftw_plan' differs in levels of indirection from 'int'
d:\openhpsdr\w5wc\beta_release\powersdr_hpsdr_mrx_ps\source\wdsp\fir.c(337): warning C4024: 'fftw_execute' : different types for formal and actual parameter 1
d:\openhpsdr\w5wc\beta_release\powersdr_hpsdr_mrx_ps\source\wdsp\fir.c(355): error C2065: 'prev' : undeclared identifier
d:\openhpsdr\w5wc\beta_release\powersdr_hpsdr_mrx_ps\source\wdsp\fir.c(355): warning C4047: 'function' : 'const fftw_plan' differs in levels of indirection from 'int'
d:\openhpsdr\w5wc\beta_release\powersdr_hpsdr_mrx_ps\source\wdsp\fir.c(355): warning C4024: 'fftw_execute' : different types for formal and actual parameter 1
d:\openhpsdr\w5wc\beta_release\powersdr_hpsdr_mrx_ps\source\wdsp\fir.c(361): error C2065: 'prev' : undeclared identifier
d:\openhpsdr\w5wc\beta_release\powersdr_hpsdr_mrx_ps\source\wdsp\fir.c(361): warning C4047: 'function' : 'fftw_plan' differs in levels of indirection from 'int'
d:\openhpsdr\w5wc\beta_release\powersdr_hpsdr_mrx_ps\source\wdsp\fir.c(361): warning C4024: 'fftw_destroy_plan' : different types for formal and actual parameter 1
d:\openhpsdr\w5wc\beta_release\powersdr_hpsdr_mrx_ps\source\wdsp\fir.c(362): error C2065: 'pfor' : undeclared identifier
d:\openhpsdr\w5wc\beta_release\powersdr_hpsdr_mrx_ps\source\wdsp\fir.c(362): warning C4047: 'function' : 'fftw_plan' differs in levels of indirection from 'int'
d:\openhpsdr\w5wc\beta_release\powersdr_hpsdr_mrx_ps\source\wdsp\fir.c(362): warning C4024: 'fftw_destroy_plan' : different types for formal and actual parameter 1
  Generating Code...
  Compiling...
  meterlog10.c
  iqc.c
  iir.c
  gen.c
  gain.c
  fmd.c
  fcurve.c
  channel.c
  eq.c
  emph.c
  emnr.c
  eer.c
  div.c
  delay.c
  compress.c
  cfir.c
  cblock.c
  calcc.c
d:\openhpsdr\w5wc\beta_release\powersdr_hpsdr_mrx_ps\source\wdsp\calcc.c(501): warning C4013: 'isnan' undefined; assuming extern returning int
  bandpass.c
  anr.c
  Generating Code...
  Compiling...
  anf.c
  analyzer.c
  amsq.c
  ammod.c
  amd.c
  Generating Code...
