c:\users\doug\desktop\openhpsdr\w5wc\powersdr_hpsdr_mrx_ps\source\wdsp\debug\anf.obj
c:\users\doug\desktop\openhpsdr\w5wc\powersdr_hpsdr_mrx_ps\source\wdsp\debug\cfir.obj
c:\users\doug\desktop\openhpsdr\w5wc\powersdr_hpsdr_mrx_ps\source\wdsp\debug\emnr.obj
c:\users\doug\desktop\openhpsdr\w5wc\powersdr_hpsdr_mrx_ps\source\wdsp\debug\fmsq.obj
c:\users\doug\desktop\openhpsdr\w5wc\powersdr_hpsdr_mrx_ps\source\wdsp\debug\nobii.obj
c:\users\doug\desktop\openhpsdr\w5wc\powersdr_hpsdr_mrx_ps\source\wdsp\debug\utilities.obj
c:\users\doug\desktop\openhpsdr\w5wc\powersdr_hpsdr_mrx_ps\source\wdsp\debug\rxa.obj
c:\users\doug\desktop\openhpsdr\w5wc\powersdr_hpsdr_mrx_ps\source\wdsp\debug\div.obj
c:\users\doug\desktop\openhpsdr\w5wc\powersdr_hpsdr_mrx_ps\source\wdsp\debug\fmmod.obj
c:\users\doug\desktop\openhpsdr\w5wc\powersdr_hpsdr_mrx_ps\source\wdsp\debug\lmath.obj
c:\users\doug\desktop\openhpsdr\w5wc\powersdr_hpsdr_mrx_ps\source\wdsp\debug\meter.obj
c:\users\doug\desktop\openhpsdr\w5wc\powersdr_hpsdr_mrx_ps\source\wdsp\debug\sender.obj
c:\users\doug\desktop\openhpsdr\w5wc\powersdr_hpsdr_mrx_ps\source\wdsp\debug\txa.obj
c:\users\doug\desktop\openhpsdr\w5wc\powersdr_hpsdr_mrx_ps\source\wdsp\debug\compress.obj
c:\users\doug\desktop\openhpsdr\w5wc\powersdr_hpsdr_mrx_ps\source\wdsp\debug\eer.obj
c:\users\doug\desktop\openhpsdr\w5wc\powersdr_hpsdr_mrx_ps\source\wdsp\debug\gen.obj
c:\users\doug\desktop\openhpsdr\w5wc\powersdr_hpsdr_mrx_ps\source\wdsp\debug\nob.obj
c:\users\doug\desktop\openhpsdr\w5wc\powersdr_hpsdr_mrx_ps\source\wdsp\debug\siphon.obj
c:\users\doug\desktop\openhpsdr\w5wc\powersdr_hpsdr_mrx_ps\source\wdsp\debug\anr.obj
c:\users\doug\desktop\openhpsdr\w5wc\powersdr_hpsdr_mrx_ps\source\wdsp\debug\cblock.obj
c:\users\doug\desktop\openhpsdr\w5wc\powersdr_hpsdr_mrx_ps\source\wdsp\debug\emph.obj
c:\users\doug\desktop\openhpsdr\w5wc\powersdr_hpsdr_mrx_ps\source\wdsp\debug\iobuffs.obj
c:\users\doug\desktop\openhpsdr\w5wc\powersdr_hpsdr_mrx_ps\source\wdsp\debug\osctrl.obj
c:\users\doug\desktop\openhpsdr\w5wc\powersdr_hpsdr_mrx_ps\source\wdsp\debug\wcpagc.obj
c:\users\doug\desktop\openhpsdr\w5wc\powersdr_hpsdr_mrx_ps\source\wdsp\debug\ammod.obj
c:\users\doug\desktop\openhpsdr\w5wc\powersdr_hpsdr_mrx_ps\source\wdsp\debug\bandpass.obj
c:\users\doug\desktop\openhpsdr\w5wc\powersdr_hpsdr_mrx_ps\source\wdsp\debug\fir.obj
c:\users\doug\desktop\openhpsdr\w5wc\powersdr_hpsdr_mrx_ps\source\wdsp\debug\iqc.obj
c:\users\doug\desktop\openhpsdr\w5wc\powersdr_hpsdr_mrx_ps\source\wdsp\debug\patchpanel.obj
c:\users\doug\desktop\openhpsdr\w5wc\powersdr_hpsdr_mrx_ps\source\wdsp\debug\snb.obj
c:\users\doug\desktop\openhpsdr\w5wc\powersdr_hpsdr_mrx_ps\source\wdsp\debug\analyzer.obj
c:\users\doug\desktop\openhpsdr\w5wc\powersdr_hpsdr_mrx_ps\source\wdsp\debug\channel.obj
c:\users\doug\desktop\openhpsdr\w5wc\powersdr_hpsdr_mrx_ps\source\wdsp\debug\eq.obj
c:\users\doug\desktop\openhpsdr\w5wc\powersdr_hpsdr_mrx_ps\source\wdsp\debug\iir.obj
c:\users\doug\desktop\openhpsdr\w5wc\powersdr_hpsdr_mrx_ps\source\wdsp\debug\resample.obj
c:\users\doug\desktop\openhpsdr\w5wc\powersdr_hpsdr_mrx_ps\source\wdsp\debug\shift.obj
c:\users\doug\desktop\openhpsdr\w5wc\powersdr_hpsdr_mrx_ps\source\wdsp\debug\amd.obj
c:\users\doug\desktop\openhpsdr\w5wc\powersdr_hpsdr_mrx_ps\source\wdsp\debug\delay.obj
c:\users\doug\desktop\openhpsdr\w5wc\powersdr_hpsdr_mrx_ps\source\wdsp\debug\fmd.obj
c:\users\doug\desktop\openhpsdr\w5wc\powersdr_hpsdr_mrx_ps\source\wdsp\debug\main.obj
c:\users\doug\desktop\openhpsdr\w5wc\powersdr_hpsdr_mrx_ps\source\wdsp\debug\nbp.obj
c:\users\doug\desktop\openhpsdr\w5wc\powersdr_hpsdr_mrx_ps\source\wdsp\debug\wisdom.obj
c:\users\doug\desktop\openhpsdr\w5wc\powersdr_hpsdr_mrx_ps\source\wdsp\debug\amsq.obj
c:\users\doug\desktop\openhpsdr\w5wc\powersdr_hpsdr_mrx_ps\source\wdsp\debug\calcc.obj
c:\users\doug\desktop\openhpsdr\w5wc\powersdr_hpsdr_mrx_ps\source\wdsp\debug\fcurve.obj
c:\users\doug\desktop\openhpsdr\w5wc\powersdr_hpsdr_mrx_ps\source\wdsp\debug\gain.obj
c:\users\doug\desktop\openhpsdr\w5wc\powersdr_hpsdr_mrx_ps\source\wdsp\debug\meterlog10.obj
c:\users\doug\desktop\openhpsdr\w5wc\powersdr_hpsdr_mrx_ps\source\wdsp\debug\slew.obj
c:\users\doug\desktop\openhpsdr\w5wc\powersdr_hpsdr_mrx_ps\source\wdsp\debug\vc120.pdb
c:\users\doug\desktop\openhpsdr\w5wc\powersdr_hpsdr_mrx_ps\bin\debug\wdsp.ilk
c:\users\doug\desktop\openhpsdr\w5wc\powersdr_hpsdr_mrx_ps\bin\debug\wdsp.dll
c:\users\doug\desktop\openhpsdr\w5wc\powersdr_hpsdr_mrx_ps\source\debug\wdsp.vs2013.pdb
c:\users\doug\desktop\openhpsdr\w5wc\powersdr_hpsdr_mrx_ps\source\debug\wdsp.vs2013.lib
c:\users\doug\desktop\openhpsdr\w5wc\powersdr_hpsdr_mrx_ps\source\debug\wdsp.vs2013.exp
c:\users\doug\desktop\openhpsdr\w5wc\powersdr_hpsdr_mrx_ps\source\wdsp\debug\vc120.idb
c:\users\doug\desktop\openhpsdr\w5wc\powersdr_hpsdr_mrx_ps\source\wdsp\debug\wdsp.vs2013.tlog\cl.command.1.tlog
c:\users\doug\desktop\openhpsdr\w5wc\powersdr_hpsdr_mrx_ps\source\wdsp\debug\wdsp.vs2013.tlog\cl.read.1.tlog
c:\users\doug\desktop\openhpsdr\w5wc\powersdr_hpsdr_mrx_ps\source\wdsp\debug\wdsp.vs2013.tlog\cl.write.1.tlog
c:\users\doug\desktop\openhpsdr\w5wc\powersdr_hpsdr_mrx_ps\source\wdsp\debug\wdsp.vs2013.tlog\link.command.1.tlog
c:\users\doug\desktop\openhpsdr\w5wc\powersdr_hpsdr_mrx_ps\source\wdsp\debug\wdsp.vs2013.tlog\link.read.1.tlog
c:\users\doug\desktop\openhpsdr\w5wc\powersdr_hpsdr_mrx_ps\source\wdsp\debug\wdsp.vs2013.tlog\link.write.1.tlog
c:\users\doug\desktop\openhpsdr\w5wc\powersdr_hpsdr_mrx_ps\source\wdsp\debug\wdsp.vs2013.tlog\wdsp.vs2013.write.1u.tlog
