Build started 3/2/2017 10:45:33 AM.
     1>Project "D:\OpenHPSDR\W5WC\PowerSDR_HPSDR_mRX_PS\Source\wdsp\wdsp.vs2013.vcxproj" on node 2 (Build target(s)).
     1>C:\Program Files (x86)\MSBuild\Microsoft.Cpp\v4.0\V120\Microsoft.CppBuild.targets(388,5): warning MSB8028: The intermediate directory (Release\) contains files shared from another project (wdsp.vs2013.vcxproj).  This can lead to incorrect clean and rebuild behavior.
     1>ClCompile:
         C:\Program Files (x86)\Microsoft Visual Studio 12.0\VC\bin\CL.exe /c /I. /I../../lib/portaudio_VS2008/include /Zi /nologo /W3 /WX- /MP /O2 /Ob2 /Oi /Ot /Oy- /GL /D WIN32 /D _WIN32 /D _MBCS /D NDEBUG /D _WINDOWS /D _USRDLL /D SPECHPSDR_EXPORTS /D _WINDLL /D _UNICODE /D UNICODE /Gm- /EHsc /MD /GS /Gy /arch:SSE2 /fp:precise /Zc:wchar_t /Zc:forScope /Fo"Release\\" /Fd"Release\vc120.pdb" /Gd /TC /analyze- /errorReport:prompt /D_ATL_XP_TARGETING amd.c ammod.c amsq.c analyzer.c anf.c anr.c bandpass.c calcc.c cblock.c cfir.c compress.c delay.c div.c eer.c emnr.c emph.c eq.c channel.c fcurve.c firmin.c fmd.c gain.c gen.c iir.c iqc.c lmath.c meterlog10.c fir.c fmmod.c iobuffs.c main.c meter.c nbp.c nob.c nobII.c osctrl.c patchpanel.c resample.c RXA.c sender.c shift.c siphon.c fmsq.c slew.c snb.c TXA.c utilities.c wcpAGC.c wisdom.c
         amd.c
         ammod.c
         amsq.c
         analyzer.c
         anf.c
         anr.c
         bandpass.c
         calcc.c
         cblock.c
         cfir.c
         compress.c
         delay.c
         div.c
         eer.c
         emnr.c
         emph.c
         eq.c
         channel.c
         fcurve.c
         firmin.c
         fmd.c
         gain.c
         gen.c
         iir.c
         iqc.c
         lmath.c
         meterlog10.c
         fir.c
         fmmod.c
         iobuffs.c
         main.c
         meter.c
         nbp.c
         nob.c
         nobII.c
         osctrl.c
         patchpanel.c
         resample.c
         RXA.c
         sender.c
         shift.c
         siphon.c
         fmsq.c
         slew.c
         snb.c
         TXA.c
         utilities.c
         wcpAGC.c
         wisdom.c
     1>C:\Program Files (x86)\MSBuild\Microsoft.Cpp\v4.0\V120\Microsoft.CppBuild.targets(1193,5): warning MSB8012: TargetPath(D:\OpenHPSDR\W5WC\PowerSDR_HPSDR_mRX_PS\Source\Release\wdsp.dll) does not match the Linker's OutputFile property value (D:\OpenHPSDR\W5WC\PowerSDR_HPSDR_mRX_PS\bin\Release\wdsp.dll). This may cause your project to build incorrectly. To correct this, please make sure that $(OutDir), $(TargetName) and $(TargetExt) property values match the value specified in %(Link.OutputFile).
       Link:
         C:\Program Files (x86)\Microsoft Visual Studio 12.0\VC\bin\link.exe /ERRORREPORT:PROMPT /OUT:"../../bin/Release/wdsp.dll" /INCREMENTAL:NO /NOLOGO /LIBPATH:../Release "libfftw3-3.lib" kernel32.lib user32.lib gdi32.lib winspool.lib comdlg32.lib advapi32.lib shell32.lib ole32.lib oleaut32.lib uuid.lib odbc32.lib odbccp32.lib /MANIFEST /MANIFESTUAC:"level='asInvoker' uiAccess='false'" /manifest:embed /DEBUG /PDB:"D:\OpenHPSDR\W5WC\PowerSDR_HPSDR_mRX_PS\Source\Release\wdsp.pdb" /SUBSYSTEM:WINDOWS /OPT:REF /OPT:ICF /LTCG /TLBID:1 /DYNAMICBASE /NXCOMPAT /IMPLIB:"D:\OpenHPSDR\W5WC\PowerSDR_HPSDR_mRX_PS\Source\Release\wdsp.lib" /MACHINE:X86 /SAFESEH /DLL Release\amd.obj
         Release\ammod.obj
         Release\amsq.obj
         Release\analyzer.obj
         Release\anf.obj
         Release\anr.obj
         Release\bandpass.obj
         Release\calcc.obj
         Release\cblock.obj
         Release\cfir.obj
         Release\compress.obj
         Release\delay.obj
         Release\div.obj
         Release\eer.obj
         Release\emnr.obj
         Release\emph.obj
         Release\eq.obj
         Release\channel.obj
         Release\fcurve.obj
         Release\firmin.obj
         Release\fmd.obj
         Release\gain.obj
         Release\gen.obj
         Release\iir.obj
         Release\iqc.obj
         Release\lmath.obj
         Release\meterlog10.obj
         Release\fir.obj
         Release\fmmod.obj
         Release\iobuffs.obj
         Release\main.obj
         Release\meter.obj
         Release\nbp.obj
         Release\nob.obj
         Release\nobII.obj
         Release\osctrl.obj
         Release\patchpanel.obj
         Release\resample.obj
         Release\RXA.obj
         Release\sender.obj
         Release\shift.obj
         Release\siphon.obj
         Release\fmsq.obj
         Release\slew.obj
         Release\snb.obj
         Release\TXA.obj
         Release\utilities.obj
         Release\wcpAGC.obj
         Release\wisdom.obj
            Creating library D:\OpenHPSDR\W5WC\PowerSDR_HPSDR_mRX_PS\Source\Release\wdsp.lib and object D:\OpenHPSDR\W5WC\PowerSDR_HPSDR_mRX_PS\Source\Release\wdsp.exp
         Generating code
         Finished generating code
         wdsp.vs2013.vcxproj -> D:\OpenHPSDR\W5WC\PowerSDR_HPSDR_mRX_PS\Source\Release\wdsp.dll
     1>Done Building Project "D:\OpenHPSDR\W5WC\PowerSDR_HPSDR_mRX_PS\Source\wdsp\wdsp.vs2013.vcxproj" (Build target(s)).

Build succeeded.

Time Elapsed 00:00:10.24
