d:\openhpsdr\w5wc\beta_release\powersdr_hpsdr_mrx_ps\source\wdsp\release\vc120.pdb
d:\openhpsdr\w5wc\beta_release\powersdr_hpsdr_mrx_ps\bin\release\wdsp.dll
d:\openhpsdr\w5wc\beta_release\powersdr_hpsdr_mrx_ps\source\release\wdsp.pdb
d:\openhpsdr\w5wc\beta_release\powersdr_hpsdr_mrx_ps\source\release\wdsp.lib
d:\openhpsdr\w5wc\beta_release\powersdr_hpsdr_mrx_ps\source\release\wdsp.exp
d:\openhpsdr\w5wc\beta_release\powersdr_hpsdr_mrx_ps\source\wdsp\release\amd.obj
d:\openhpsdr\w5wc\beta_release\powersdr_hpsdr_mrx_ps\source\wdsp\release\ammod.obj
d:\openhpsdr\w5wc\beta_release\powersdr_hpsdr_mrx_ps\source\wdsp\release\amsq.obj
d:\openhpsdr\w5wc\beta_release\powersdr_hpsdr_mrx_ps\source\wdsp\release\analyzer.obj
d:\openhpsdr\w5wc\beta_release\powersdr_hpsdr_mrx_ps\source\wdsp\release\anf.obj
d:\openhpsdr\w5wc\beta_release\powersdr_hpsdr_mrx_ps\source\wdsp\release\anr.obj
d:\openhpsdr\w5wc\beta_release\powersdr_hpsdr_mrx_ps\source\wdsp\release\bandpass.obj
d:\openhpsdr\w5wc\beta_release\powersdr_hpsdr_mrx_ps\source\wdsp\release\calcc.obj
d:\openhpsdr\w5wc\beta_release\powersdr_hpsdr_mrx_ps\source\wdsp\release\cblock.obj
d:\openhpsdr\w5wc\beta_release\powersdr_hpsdr_mrx_ps\source\wdsp\release\cfir.obj
d:\openhpsdr\w5wc\beta_release\powersdr_hpsdr_mrx_ps\source\wdsp\release\channel.obj
d:\openhpsdr\w5wc\beta_release\powersdr_hpsdr_mrx_ps\source\wdsp\release\compress.obj
d:\openhpsdr\w5wc\beta_release\powersdr_hpsdr_mrx_ps\source\wdsp\release\delay.obj
d:\openhpsdr\w5wc\beta_release\powersdr_hpsdr_mrx_ps\source\wdsp\release\div.obj
d:\openhpsdr\w5wc\beta_release\powersdr_hpsdr_mrx_ps\source\wdsp\release\eer.obj
d:\openhpsdr\w5wc\beta_release\powersdr_hpsdr_mrx_ps\source\wdsp\release\emnr.obj
d:\openhpsdr\w5wc\beta_release\powersdr_hpsdr_mrx_ps\source\wdsp\release\emph.obj
d:\openhpsdr\w5wc\beta_release\powersdr_hpsdr_mrx_ps\source\wdsp\release\eq.obj
d:\openhpsdr\w5wc\beta_release\powersdr_hpsdr_mrx_ps\source\wdsp\release\fcurve.obj
d:\openhpsdr\w5wc\beta_release\powersdr_hpsdr_mrx_ps\source\wdsp\release\fir.obj
d:\openhpsdr\w5wc\beta_release\powersdr_hpsdr_mrx_ps\source\wdsp\release\firmin.obj
d:\openhpsdr\w5wc\beta_release\powersdr_hpsdr_mrx_ps\source\wdsp\release\fmd.obj
d:\openhpsdr\w5wc\beta_release\powersdr_hpsdr_mrx_ps\source\wdsp\release\fmmod.obj
d:\openhpsdr\w5wc\beta_release\powersdr_hpsdr_mrx_ps\source\wdsp\release\fmsq.obj
d:\openhpsdr\w5wc\beta_release\powersdr_hpsdr_mrx_ps\source\wdsp\release\gain.obj
d:\openhpsdr\w5wc\beta_release\powersdr_hpsdr_mrx_ps\source\wdsp\release\gen.obj
d:\openhpsdr\w5wc\beta_release\powersdr_hpsdr_mrx_ps\source\wdsp\release\iir.obj
d:\openhpsdr\w5wc\beta_release\powersdr_hpsdr_mrx_ps\source\wdsp\release\iobuffs.obj
d:\openhpsdr\w5wc\beta_release\powersdr_hpsdr_mrx_ps\source\wdsp\release\iqc.obj
d:\openhpsdr\w5wc\beta_release\powersdr_hpsdr_mrx_ps\source\wdsp\release\lmath.obj
d:\openhpsdr\w5wc\beta_release\powersdr_hpsdr_mrx_ps\source\wdsp\release\main.obj
d:\openhpsdr\w5wc\beta_release\powersdr_hpsdr_mrx_ps\source\wdsp\release\meter.obj
d:\openhpsdr\w5wc\beta_release\powersdr_hpsdr_mrx_ps\source\wdsp\release\meterlog10.obj
d:\openhpsdr\w5wc\beta_release\powersdr_hpsdr_mrx_ps\source\wdsp\release\nbp.obj
d:\openhpsdr\w5wc\beta_release\powersdr_hpsdr_mrx_ps\source\wdsp\release\nob.obj
d:\openhpsdr\w5wc\beta_release\powersdr_hpsdr_mrx_ps\source\wdsp\release\nobii.obj
d:\openhpsdr\w5wc\beta_release\powersdr_hpsdr_mrx_ps\source\wdsp\release\osctrl.obj
d:\openhpsdr\w5wc\beta_release\powersdr_hpsdr_mrx_ps\source\wdsp\release\patchpanel.obj
d:\openhpsdr\w5wc\beta_release\powersdr_hpsdr_mrx_ps\source\wdsp\release\resample.obj
d:\openhpsdr\w5wc\beta_release\powersdr_hpsdr_mrx_ps\source\wdsp\release\rxa.obj
d:\openhpsdr\w5wc\beta_release\powersdr_hpsdr_mrx_ps\source\wdsp\release\sender.obj
d:\openhpsdr\w5wc\beta_release\powersdr_hpsdr_mrx_ps\source\wdsp\release\shift.obj
d:\openhpsdr\w5wc\beta_release\powersdr_hpsdr_mrx_ps\source\wdsp\release\siphon.obj
d:\openhpsdr\w5wc\beta_release\powersdr_hpsdr_mrx_ps\source\wdsp\release\slew.obj
d:\openhpsdr\w5wc\beta_release\powersdr_hpsdr_mrx_ps\source\wdsp\release\snb.obj
d:\openhpsdr\w5wc\beta_release\powersdr_hpsdr_mrx_ps\source\wdsp\release\txa.obj
d:\openhpsdr\w5wc\beta_release\powersdr_hpsdr_mrx_ps\source\wdsp\release\utilities.obj
d:\openhpsdr\w5wc\beta_release\powersdr_hpsdr_mrx_ps\source\wdsp\release\wcpagc.obj
d:\openhpsdr\w5wc\beta_release\powersdr_hpsdr_mrx_ps\source\wdsp\release\wisdom.obj
d:\openhpsdr\w5wc\beta_release\powersdr_hpsdr_mrx_ps\source\wdsp\release\wdsp.tlog\cl.command.1.tlog
d:\openhpsdr\w5wc\beta_release\powersdr_hpsdr_mrx_ps\source\wdsp\release\wdsp.tlog\cl.read.1.tlog
d:\openhpsdr\w5wc\beta_release\powersdr_hpsdr_mrx_ps\source\wdsp\release\wdsp.tlog\cl.write.1.tlog
d:\openhpsdr\w5wc\beta_release\powersdr_hpsdr_mrx_ps\source\wdsp\release\wdsp.tlog\link.command.1.tlog
d:\openhpsdr\w5wc\beta_release\powersdr_hpsdr_mrx_ps\source\wdsp\release\wdsp.tlog\link.read.1.tlog
d:\openhpsdr\w5wc\beta_release\powersdr_hpsdr_mrx_ps\source\wdsp\release\wdsp.tlog\link.write.1.tlog
d:\openhpsdr\w5wc\beta_release\powersdr_hpsdr_mrx_ps\source\wdsp\release\wdsp.tlog\wdsp.write.1u.tlog
