  amd.c
  ammod.c
  amsq.c
  analyzer.c
  anf.c
  anr.c
  bandpass.c
  calcc.c
calcc.c(501): warning C4013: 'isnan' undefined; assuming extern returning int
  cblock.c
  cfir.c
  compress.c
  delay.c
  div.c
  eer.c
  emnr.c
  emph.c
  eq.c
  channel.c
  fcurve.c
  fmd.c
  Compiling...
  gain.c
  gen.c
  iir.c
  iqc.c
  meterlog10.c
  fir.c
fir.c(332): error C2275: 'fftw_plan' : illegal use of this type as an expression
          d:\openhpsdr\w5wc\beta_release\powersdr_hpsdr_mrx_ps\source\wdsp\fftw3.h(353) : see declaration of 'fftw_plan'
fir.c(332): error C2146: syntax error : missing ';' before identifier 'pfor'
fir.c(332): error C2065: 'pfor' : undeclared identifier
fir.c(333): warning C4047: '=' : 'int' differs in levels of indirection from 'fftw_plan'
fir.c(334): error C2275: 'fftw_plan' : illegal use of this type as an expression
          d:\openhpsdr\w5wc\beta_release\powersdr_hpsdr_mrx_ps\source\wdsp\fftw3.h(353) : see declaration of 'fftw_plan'
fir.c(334): error C2146: syntax error : missing ';' before identifier 'prev'
fir.c(334): error C2065: 'prev' : undeclared identifier
fir.c(335): warning C4047: '=' : 'int' differs in levels of indirection from 'fftw_plan'
fir.c(337): error C2065: 'pfor' : undeclared identifier
fir.c(337): warning C4047: 'function' : 'const fftw_plan' differs in levels of indirection from 'int'
fir.c(337): warning C4024: 'fftw_execute' : different types for formal and actual parameter 1
fir.c(355): error C2065: 'prev' : undeclared identifier
fir.c(355): warning C4047: 'function' : 'const fftw_plan' differs in levels of indirection from 'int'
fir.c(355): warning C4024: 'fftw_execute' : different types for formal and actual parameter 1
fir.c(361): error C2065: 'prev' : undeclared identifier
fir.c(361): warning C4047: 'function' : 'fftw_plan' differs in levels of indirection from 'int'
fir.c(361): warning C4024: 'fftw_destroy_plan' : different types for formal and actual parameter 1
fir.c(362): error C2065: 'pfor' : undeclared identifier
fir.c(362): warning C4047: 'function' : 'fftw_plan' differs in levels of indirection from 'int'
fir.c(362): warning C4024: 'fftw_destroy_plan' : different types for formal and actual parameter 1
  fmmod.c
  iobuffs.c
  main.c
  meter.c
  nob.c
  nobII.c
  osctrl.c
  patchpanel.c
  resample.c
  RXA.c
  sender.c
  shift.c
  siphon.c
siphon.c(298): warning C4013: 'InterlockedAnd' undefined; assuming extern returning int
  fmsq.c
  Compiling...
  slew.c
  TXA.c
  utilities.c
  wcpAGC.c
  wisdom.c
