c:\users\doug\desktop\openhpsdr\w5wc\powersdr_hpsdr_mrx_ps\source\wdsp\release\fmd.obj
c:\users\doug\desktop\openhpsdr\w5wc\powersdr_hpsdr_mrx_ps\source\wdsp\release\fcurve.obj
c:\users\doug\desktop\openhpsdr\w5wc\powersdr_hpsdr_mrx_ps\source\wdsp\release\channel.obj
c:\users\doug\desktop\openhpsdr\w5wc\powersdr_hpsdr_mrx_ps\source\wdsp\release\eq.obj
c:\users\doug\desktop\openhpsdr\w5wc\powersdr_hpsdr_mrx_ps\source\wdsp\release\emph.obj
c:\users\doug\desktop\openhpsdr\w5wc\powersdr_hpsdr_mrx_ps\source\wdsp\release\emnr.obj
c:\users\doug\desktop\openhpsdr\w5wc\powersdr_hpsdr_mrx_ps\source\wdsp\release\eer.obj
c:\users\doug\desktop\openhpsdr\w5wc\powersdr_hpsdr_mrx_ps\source\wdsp\release\div.obj
c:\users\doug\desktop\openhpsdr\w5wc\powersdr_hpsdr_mrx_ps\source\wdsp\release\delay.obj
c:\users\doug\desktop\openhpsdr\w5wc\powersdr_hpsdr_mrx_ps\source\wdsp\release\compress.obj
c:\users\doug\desktop\openhpsdr\w5wc\powersdr_hpsdr_mrx_ps\source\wdsp\release\cfir.obj
c:\users\doug\desktop\openhpsdr\w5wc\powersdr_hpsdr_mrx_ps\source\wdsp\release\cblock.obj
c:\users\doug\desktop\openhpsdr\w5wc\powersdr_hpsdr_mrx_ps\source\wdsp\release\calcc.obj
c:\users\doug\desktop\openhpsdr\w5wc\powersdr_hpsdr_mrx_ps\source\wdsp\release\bandpass.obj
c:\users\doug\desktop\openhpsdr\w5wc\powersdr_hpsdr_mrx_ps\source\wdsp\release\anr.obj
c:\users\doug\desktop\openhpsdr\w5wc\powersdr_hpsdr_mrx_ps\source\wdsp\release\anf.obj
c:\users\doug\desktop\openhpsdr\w5wc\powersdr_hpsdr_mrx_ps\source\wdsp\release\analyzer.obj
c:\users\doug\desktop\openhpsdr\w5wc\powersdr_hpsdr_mrx_ps\source\wdsp\release\amsq.obj
c:\users\doug\desktop\openhpsdr\w5wc\powersdr_hpsdr_mrx_ps\source\wdsp\release\ammod.obj
c:\users\doug\desktop\openhpsdr\w5wc\powersdr_hpsdr_mrx_ps\source\wdsp\release\amd.obj
c:\users\doug\desktop\openhpsdr\w5wc\powersdr_hpsdr_mrx_ps\source\wdsp\release\fmsq.obj
c:\users\doug\desktop\openhpsdr\w5wc\powersdr_hpsdr_mrx_ps\source\wdsp\release\siphon.obj
c:\users\doug\desktop\openhpsdr\w5wc\powersdr_hpsdr_mrx_ps\source\wdsp\release\shift.obj
c:\users\doug\desktop\openhpsdr\w5wc\powersdr_hpsdr_mrx_ps\source\wdsp\release\sender.obj
c:\users\doug\desktop\openhpsdr\w5wc\powersdr_hpsdr_mrx_ps\source\wdsp\release\rxa.obj
c:\users\doug\desktop\openhpsdr\w5wc\powersdr_hpsdr_mrx_ps\source\wdsp\release\resample.obj
c:\users\doug\desktop\openhpsdr\w5wc\powersdr_hpsdr_mrx_ps\source\wdsp\release\patchpanel.obj
c:\users\doug\desktop\openhpsdr\w5wc\powersdr_hpsdr_mrx_ps\source\wdsp\release\osctrl.obj
c:\users\doug\desktop\openhpsdr\w5wc\powersdr_hpsdr_mrx_ps\source\wdsp\release\nobii.obj
c:\users\doug\desktop\openhpsdr\w5wc\powersdr_hpsdr_mrx_ps\source\wdsp\release\nob.obj
c:\users\doug\desktop\openhpsdr\w5wc\powersdr_hpsdr_mrx_ps\source\wdsp\release\meter.obj
c:\users\doug\desktop\openhpsdr\w5wc\powersdr_hpsdr_mrx_ps\source\wdsp\release\main.obj
c:\users\doug\desktop\openhpsdr\w5wc\powersdr_hpsdr_mrx_ps\source\wdsp\release\iobuffs.obj
c:\users\doug\desktop\openhpsdr\w5wc\powersdr_hpsdr_mrx_ps\source\wdsp\release\fmmod.obj
c:\users\doug\desktop\openhpsdr\w5wc\powersdr_hpsdr_mrx_ps\source\wdsp\release\fir.obj
c:\users\doug\desktop\openhpsdr\w5wc\powersdr_hpsdr_mrx_ps\source\wdsp\release\meterlog10.obj
c:\users\doug\desktop\openhpsdr\w5wc\powersdr_hpsdr_mrx_ps\source\wdsp\release\iqc.obj
c:\users\doug\desktop\openhpsdr\w5wc\powersdr_hpsdr_mrx_ps\source\wdsp\release\iir.obj
c:\users\doug\desktop\openhpsdr\w5wc\powersdr_hpsdr_mrx_ps\source\wdsp\release\gen.obj
c:\users\doug\desktop\openhpsdr\w5wc\powersdr_hpsdr_mrx_ps\source\wdsp\release\gain.obj
c:\users\doug\desktop\openhpsdr\w5wc\powersdr_hpsdr_mrx_ps\source\wdsp\release\wisdom.obj
c:\users\doug\desktop\openhpsdr\w5wc\powersdr_hpsdr_mrx_ps\source\wdsp\release\wcpagc.obj
c:\users\doug\desktop\openhpsdr\w5wc\powersdr_hpsdr_mrx_ps\source\wdsp\release\utilities.obj
c:\users\doug\desktop\openhpsdr\w5wc\powersdr_hpsdr_mrx_ps\source\wdsp\release\txa.obj
c:\users\doug\desktop\openhpsdr\w5wc\powersdr_hpsdr_mrx_ps\source\wdsp\release\slew.obj
c:\users\doug\desktop\openhpsdr\w5wc\powersdr_hpsdr_mrx_ps\source\wdsp\release\vc100.pdb
c:\users\doug\desktop\openhpsdr\w5wc\powersdr_hpsdr_mrx_ps\bin\release\wdsp.dll
c:\users\doug\desktop\openhpsdr\w5wc\powersdr_hpsdr_mrx_ps\source\wdsp\release\wdsp.dll.intermediate.manifest
c:\users\doug\desktop\openhpsdr\w5wc\powersdr_hpsdr_mrx_ps\source\release\wdsp.pdb
c:\users\doug\desktop\openhpsdr\w5wc\powersdr_hpsdr_mrx_ps\source\release\wdsp.lib
c:\users\doug\desktop\openhpsdr\w5wc\powersdr_hpsdr_mrx_ps\source\release\wdsp.exp
c:\users\doug\desktop\openhpsdr\w5wc\powersdr_hpsdr_mrx_ps\source\wdsp\release\nbp.obj
c:\users\doug\desktop\openhpsdr\w5wc\powersdr_hpsdr_mrx_ps\source\wdsp\release\lmath.obj
c:\users\doug\desktop\openhpsdr\w5wc\powersdr_hpsdr_mrx_ps\source\wdsp\release\snb.obj
c:\users\doug\desktop\openhpsdr\w5wc\powersdr_hpsdr_mrx_ps\source\wdsp\release\vc120.pdb
c:\users\doug\desktop\openhpsdr\w5wc\powersdr_hpsdr_mrx_ps\source\release\wdsp.vs2013.pdb
c:\users\doug\desktop\openhpsdr\w5wc\powersdr_hpsdr_mrx_ps\source\release\wdsp.vs2013.lib
c:\users\doug\desktop\openhpsdr\w5wc\powersdr_hpsdr_mrx_ps\source\release\wdsp.vs2013.exp
c:\users\doug\desktop\openhpsdr\w5wc\powersdr_hpsdr_mrx_ps\source\wdsp\release\cl.command.1.tlog
c:\users\doug\desktop\openhpsdr\w5wc\powersdr_hpsdr_mrx_ps\source\wdsp\release\cl.read.1.tlog
c:\users\doug\desktop\openhpsdr\w5wc\powersdr_hpsdr_mrx_ps\source\wdsp\release\cl.write.1.tlog
c:\users\doug\desktop\openhpsdr\w5wc\powersdr_hpsdr_mrx_ps\source\wdsp\release\link.command.1.tlog
c:\users\doug\desktop\openhpsdr\w5wc\powersdr_hpsdr_mrx_ps\source\wdsp\release\link.read.1.tlog
c:\users\doug\desktop\openhpsdr\w5wc\powersdr_hpsdr_mrx_ps\source\wdsp\release\link.write.1.tlog
c:\users\doug\desktop\openhpsdr\w5wc\powersdr_hpsdr_mrx_ps\source\wdsp\release\mt.command.1.tlog
c:\users\doug\desktop\openhpsdr\w5wc\powersdr_hpsdr_mrx_ps\source\wdsp\release\mt.read.1.tlog
c:\users\doug\desktop\openhpsdr\w5wc\powersdr_hpsdr_mrx_ps\source\wdsp\release\mt.write.1.tlog
c:\users\doug\desktop\openhpsdr\w5wc\powersdr_hpsdr_mrx_ps\source\wdsp\release\wdsp.write.1.tlog
c:\users\doug\desktop\openhpsdr\w5wc\powersdr_hpsdr_mrx_ps\source\wdsp\release\wdsp.vs2013.tlog\cl.command.1.tlog
c:\users\doug\desktop\openhpsdr\w5wc\powersdr_hpsdr_mrx_ps\source\wdsp\release\wdsp.vs2013.tlog\cl.read.1.tlog
c:\users\doug\desktop\openhpsdr\w5wc\powersdr_hpsdr_mrx_ps\source\wdsp\release\wdsp.vs2013.tlog\cl.write.1.tlog
c:\users\doug\desktop\openhpsdr\w5wc\powersdr_hpsdr_mrx_ps\source\wdsp\release\wdsp.vs2013.tlog\link.command.1.tlog
c:\users\doug\desktop\openhpsdr\w5wc\powersdr_hpsdr_mrx_ps\source\wdsp\release\wdsp.vs2013.tlog\link.read.1.tlog
c:\users\doug\desktop\openhpsdr\w5wc\powersdr_hpsdr_mrx_ps\source\wdsp\release\wdsp.vs2013.tlog\link.write.1.tlog
c:\users\doug\desktop\openhpsdr\w5wc\powersdr_hpsdr_mrx_ps\source\wdsp\release\wdsp.vs2013.tlog\wdsp.vs2013.write.1u.tlog
